<?xml version="1.0" encoding="UTF-8"?>
<testsuite name="BubbleSortTests" tests="1" skipped="0" failures="0" errors="0" timestamp="2021-05-18T21:21:15" hostname="Xiaos-MBP.hsd1.ca.comcast.net" time="0.029">
  <properties/>
  <testcase name="InputContainsOneElement_shouldReturn()" classname="BubbleSortTests" time="0.029"/>
  <system-out><![CDATA[]]></system-out>
  <system-err><![CDATA[]]></system-err>
</testsuite>
