<?xml version="1.0" encoding="UTF-8"?>
<testsuite name="QuickSortTests" tests="1" skipped="0" failures="0" errors="0" timestamp="2021-05-18T20:47:25" hostname="Xiaos-MBP.hsd1.ca.comcast.net" time="0.027">
  <properties/>
  <testcase name="InputContainsMultipleElements_shouldReturnSortedList()" classname="QuickSortTests" time="0.027"/>
  <system-out><![CDATA[]]></system-out>
  <system-err><![CDATA[]]></system-err>
</testsuite>
